1709382033943:help
1709382130338:generate-data-for-enterprises
1709382173348:generate-data-for-enterprises --enterprises-id 1,2
1709382203608:generate-data-for-enterprises --enterprises-id 1,2 --number-of-vehicles 5 --number-of-drivers 5
1709383997852:generate-data --enterprises-id 1,2 --number-of-vehicles 5 --number-of-drivers 5
1709394714946:generate-data --enterprises-id 1,2 --number-of-vehicles 7 --number-of-drivers 5
1709395356014:generate-data --enterprises-id 1,2 --number-of-vehicles 10 --number-of-drivers 5
1709396710343:generate-data --enterprises-id 1,2 --number-of-vehicles 7 --number-of-drivers 5
1709397185921:stacktrace
1709397439087:generate-data --enterprises-id 1,2 --number-of-vehicles 7 --number-of-drivers 5
1709401375077:stacktrace
1709402067170:generate-data --enterprises-id 1,2 --number-of-vehicles 7 --number-of-drivers 5
1709402106829:stacktrace
1709402261979:generate-data --enterprises-id 1,2 --number-of-vehicles 7 --number-of-drivers 5
1709403147436:stacktrace
1709403993924:generate-data --enterprises-id 1,2 --number-of-vehicles 7 --number-of-drivers 5
1709404395517:stacktrace
1709404633058:generate-data --enterprises-id 1,2 --number-of-vehicles 7 --number-of-drivers 5
1709437451917:--delete from active_drivers_vehicles where id > 2;
1709437461982:generate-data --enterprises-id 1,2 --number-of-vehicles 7 --number-of-drivers 5
